<?xml version="1.0" encoding="UTF-8"?>
<coverage generated="1726845075756" clover="3.2.0">
  <project timestamp="1726845075757" name="All files">
    <metrics statements="115" coveredstatements="106" conditionals="33" coveredconditionals="24" methods="24" coveredmethods="23" elements="172" coveredelements="153" complexity="0" loc="115" ncloc="115" packages="3" files="13" classes="13"/>
    <package name="assets.images.Refer">
      <metrics statements="6" coveredstatements="6" conditionals="0" coveredconditionals="0" methods="0" coveredmethods="0"/>
      <file name="referral-hand.svg" path="C:\Users\varunteja_bandaru\Desktop\Changes\farm-roots\Dev\Epm.FarmRoots.UI\Epm.FarmRoots.UI.ReactClient\src\assets\images\Refer\referral-hand.svg">
        <metrics statements="1" coveredstatements="1" conditionals="0" coveredconditionals="0" methods="0" coveredmethods="0"/>
        <line num="1" count="1" type="stmt"/>
      </file>
      <file name="rupee-circle.svg" path="C:\Users\varunteja_bandaru\Desktop\Changes\farm-roots\Dev\Epm.FarmRoots.UI\Epm.FarmRoots.UI.ReactClient\src\assets\images\Refer\rupee-circle.svg">
        <metrics statements="1" coveredstatements="1" conditionals="0" coveredconditionals="0" methods="0" coveredmethods="0"/>
        <line num="1" count="1" type="stmt"/>
      </file>
      <file name="share-circle.svg" path="C:\Users\varunteja_bandaru\Desktop\Changes\farm-roots\Dev\Epm.FarmRoots.UI\Epm.FarmRoots.UI.ReactClient\src\assets\images\Refer\share-circle.svg">
        <metrics statements="1" coveredstatements="1" conditionals="0" coveredconditionals="0" methods="0" coveredmethods="0"/>
        <line num="1" count="1" type="stmt"/>
      </file>
      <file name="share.svg" path="C:\Users\varunteja_bandaru\Desktop\Changes\farm-roots\Dev\Epm.FarmRoots.UI\Epm.FarmRoots.UI.ReactClient\src\assets\images\Refer\share.svg">
        <metrics statements="1" coveredstatements="1" conditionals="0" coveredconditionals="0" methods="0" coveredmethods="0"/>
        <line num="1" count="1" type="stmt"/>
      </file>
      <file name="shopping-bag-circle.svg" path="C:\Users\varunteja_bandaru\Desktop\Changes\farm-roots\Dev\Epm.FarmRoots.UI\Epm.FarmRoots.UI.ReactClient\src\assets\images\Refer\shopping-bag-circle.svg">
        <metrics statements="1" coveredstatements="1" conditionals="0" coveredconditionals="0" methods="0" coveredmethods="0"/>
        <line num="1" count="1" type="stmt"/>
      </file>
      <file name="whatsapp.svg" path="C:\Users\varunteja_bandaru\Desktop\Changes\farm-roots\Dev\Epm.FarmRoots.UI\Epm.FarmRoots.UI.ReactClient\src\assets\images\Refer\whatsapp.svg">
        <metrics statements="1" coveredstatements="1" conditionals="0" coveredconditionals="0" methods="0" coveredmethods="0"/>
        <line num="1" count="1" type="stmt"/>
      </file>
    </package>
    <package name="assets.images.orders">
      <metrics statements="1" coveredstatements="1" conditionals="0" coveredconditionals="0" methods="0" coveredmethods="0"/>
      <file name="empty-bag.avif" path="C:\Users\varunteja_bandaru\Desktop\Changes\farm-roots\Dev\Epm.FarmRoots.UI\Epm.FarmRoots.UI.ReactClient\src\assets\images\orders\empty-bag.avif">
        <metrics statements="1" coveredstatements="1" conditionals="0" coveredconditionals="0" methods="0" coveredmethods="0"/>
        <line num="1" count="1" type="stmt"/>
      </file>
    </package>
    <package name="components.pages.profile">
      <metrics statements="108" coveredstatements="99" conditionals="33" coveredconditionals="24" methods="24" coveredmethods="23"/>
      <file name="AddressPage.tsx" path="C:\Users\varunteja_bandaru\Desktop\Changes\farm-roots\Dev\Epm.FarmRoots.UI\Epm.FarmRoots.UI.ReactClient\src\components\pages\profile\AddressPage.tsx">
        <metrics statements="2" coveredstatements="2" conditionals="0" coveredconditionals="0" methods="1" coveredmethods="1"/>
        <line num="1" count="1" type="stmt"/>
        <line num="2" count="1" type="stmt"/>
      </file>
      <file name="FAQPage.tsx" path="C:\Users\varunteja_bandaru\Desktop\Changes\farm-roots\Dev\Epm.FarmRoots.UI\Epm.FarmRoots.UI.ReactClient\src\components\pages\profile\FAQPage.tsx">
        <metrics statements="14" coveredstatements="14" conditionals="6" coveredconditionals="5" methods="6" coveredmethods="6"/>
        <line num="1" count="1" type="stmt"/>
        <line num="2" count="1" type="stmt"/>
        <line num="3" count="1" type="stmt"/>
        <line num="4" count="1" type="stmt"/>
        <line num="12" count="1" type="stmt"/>
        <line num="13" count="220" type="stmt"/>
        <line num="17" count="22" type="stmt"/>
        <line num="19" count="22" type="stmt"/>
        <line num="20" count="10" type="cond" truecount="1" falsecount="1"/>
        <line num="23" count="22" type="stmt"/>
        <line num="24" count="1" type="stmt"/>
        <line num="27" count="22" type="stmt"/>
        <line num="32" count="220" type="stmt"/>
        <line num="33" count="10" type="stmt"/>
      </file>
      <file name="OrdersPage.tsx" path="C:\Users\varunteja_bandaru\Desktop\Changes\farm-roots\Dev\Epm.FarmRoots.UI\Epm.FarmRoots.UI.ReactClient\src\components\pages\profile\OrdersPage.tsx">
        <metrics statements="10" coveredstatements="10" conditionals="0" coveredconditionals="0" methods="2" coveredmethods="2"/>
        <line num="2" count="1" type="stmt"/>
        <line num="3" count="1" type="stmt"/>
        <line num="4" count="1" type="stmt"/>
        <line num="6" count="1" type="stmt"/>
        <line num="7" count="2" type="stmt"/>
        <line num="9" count="2" type="stmt"/>
        <line num="10" count="1" type="stmt"/>
        <line num="11" count="1" type="stmt"/>
        <line num="14" count="2" type="stmt"/>
        <line num="25" count="1" type="stmt"/>
      </file>
      <file name="ProfileDetails.tsx" path="C:\Users\varunteja_bandaru\Desktop\Changes\farm-roots\Dev\Epm.FarmRoots.UI\Epm.FarmRoots.UI.ReactClient\src\components\pages\profile\ProfileDetails.tsx">
        <metrics statements="64" coveredstatements="56" conditionals="25" coveredconditionals="17" methods="11" coveredmethods="11"/>
        <line num="1" count="1" type="stmt"/>
        <line num="2" count="1" type="stmt"/>
        <line num="3" count="1" type="stmt"/>
        <line num="12" count="1" type="stmt"/>
        <line num="13" count="32" type="stmt"/>
        <line num="14" count="31" type="stmt"/>
        <line num="15" count="31" type="stmt"/>
        <line num="16" count="31" type="stmt"/>
        <line num="17" count="31" type="stmt"/>
        <line num="18" count="31" type="stmt"/>
        <line num="20" count="31" type="stmt"/>
        <line num="21" count="2" type="stmt"/>
        <line num="22" count="2" type="stmt"/>
        <line num="25" count="31" type="stmt"/>
        <line num="26" count="2" type="cond" truecount="1" falsecount="1"/>
        <line num="27" count="0" type="stmt"/>
        <line num="28" count="2" type="cond" truecount="2" falsecount="0"/>
        <line num="29" count="1" type="stmt"/>
        <line num="31" count="1" type="stmt"/>
        <line num="36" count="31" type="stmt"/>
        <line num="37" count="2" type="stmt"/>
        <line num="38" count="2" type="stmt"/>
        <line num="42" count="31" type="stmt"/>
        <line num="43" count="2" type="cond" truecount="1" falsecount="1"/>
        <line num="44" count="0" type="stmt"/>
        <line num="45" count="2" type="cond" truecount="2" falsecount="0"/>
        <line num="46" count="1" type="stmt"/>
        <line num="48" count="1" type="stmt"/>
        <line num="52" count="31" type="stmt"/>
        <line num="53" count="6" type="stmt"/>
        <line num="54" count="6" type="stmt"/>
        <line num="55" count="6" type="stmt"/>
        <line num="56" count="6" type="stmt"/>
        <line num="57" count="6" type="stmt"/>
        <line num="59" count="6" type="cond" truecount="1" falsecount="0"/>
        <line num="60" count="6" type="stmt"/>
        <line num="61" count="6" type="stmt"/>
        <line num="62" count="6" type="stmt"/>
        <line num="63" count="6" type="stmt"/>
        <line num="66" count="0" type="cond" truecount="0" falsecount="2"/>
        <line num="67" count="0" type="stmt"/>
        <line num="69" count="0" type="stmt"/>
        <line num="71" count="0" type="stmt"/>
        <line num="75" count="6" type="stmt"/>
        <line num="78" count="31" type="stmt"/>
        <line num="79" count="8" type="cond" truecount="2" falsecount="0"/>
        <line num="82" count="31" type="stmt"/>
        <line num="83" count="2" type="stmt"/>
        <line num="84" count="2" type="cond" truecount="3" falsecount="1"/>
        <line num="87" count="2" type="stmt"/>
        <line num="88" count="2" type="cond" truecount="0" falsecount="1"/>
        <line num="90" count="2" type="stmt"/>
        <line num="91" count="2" type="stmt"/>
        <line num="98" count="1" type="stmt"/>
        <line num="100" count="1" type="cond" truecount="1" falsecount="1"/>
        <line num="101" count="0" type="stmt"/>
        <line num="102" count="0" type="stmt"/>
        <line num="104" count="1" type="stmt"/>
        <line num="106" count="1" type="stmt"/>
        <line num="110" count="31" type="cond" truecount="1" falsecount="0"/>
        <line num="111" count="12" type="stmt"/>
        <line num="114" count="19" type="stmt"/>
        <line num="124" count="4" type="stmt"/>
        <line num="140" count="4" type="stmt"/>
      </file>
      <file name="Refer.tsx" path="C:\Users\varunteja_bandaru\Desktop\Changes\farm-roots\Dev\Epm.FarmRoots.UI\Epm.FarmRoots.UI.ReactClient\src\components\pages\profile\Refer.tsx">
        <metrics statements="17" coveredstatements="16" conditionals="2" coveredconditionals="2" methods="4" coveredmethods="3"/>
        <line num="1" count="1" type="stmt"/>
        <line num="2" count="1" type="stmt"/>
        <line num="3" count="1" type="stmt"/>
        <line num="4" count="1" type="stmt"/>
        <line num="5" count="1" type="stmt"/>
        <line num="6" count="1" type="stmt"/>
        <line num="7" count="1" type="stmt"/>
        <line num="9" count="1" type="stmt"/>
        <line num="10" count="2" type="stmt"/>
        <line num="11" count="2" type="stmt"/>
        <line num="13" count="2" type="stmt"/>
        <line num="14" count="2" type="cond" truecount="2" falsecount="0"/>
        <line num="15" count="1" type="stmt"/>
        <line num="20" count="1" type="stmt"/>
        <line num="21" count="0" type="stmt"/>
        <line num="23" count="1" type="stmt"/>
        <line num="27" count="2" type="stmt"/>
      </file>
      <file name="mockFAQs.tsx" path="C:\Users\varunteja_bandaru\Desktop\Changes\farm-roots\Dev\Epm.FarmRoots.UI\Epm.FarmRoots.UI.ReactClient\src\components\pages\profile\mockFAQs.tsx">
        <metrics statements="1" coveredstatements="1" conditionals="0" coveredconditionals="0" methods="0" coveredmethods="0"/>
        <line num="1" count="2" type="stmt"/>
      </file>
    </package>
  </project>
</coverage>
