{"C:\\Users\\varunteja_bandaru\\Desktop\\Changes\\farm-roots\\Dev\\Epm.FarmRoots.UI\\Epm.FarmRoots.UI.ReactClient\\src\\assets\\images\\Refer\\referral-hand.svg": {"path":"C:\\Users\\varunteja_bandaru\\Desktop\\Changes\\farm-roots\\Dev\\Epm.FarmRoots.UI\\Epm.FarmRoots.UI.ReactClient\\src\\assets\\images\\Refer\\referral-hand.svg","statementMap":{"0":{"start":{"line":1,"column":0},"end":{"line":1,"column":19}}},"fnMap":{},"branchMap":{},"s":{"0":1},"f":{},"b":{},"_coverageSchema":"1a1c01bbd47fc00a2c39e90264f33305004495a9","hash":"49570862a571bef97009df65c6e2d2514a64b286"}
,"C:\\Users\\varunteja_bandaru\\Desktop\\Changes\\farm-roots\\Dev\\Epm.FarmRoots.UI\\Epm.FarmRoots.UI.ReactClient\\src\\assets\\images\\Refer\\rupee-circle.svg": {"path":"C:\\Users\\varunteja_bandaru\\Desktop\\Changes\\farm-roots\\Dev\\Epm.FarmRoots.UI\\Epm.FarmRoots.UI.ReactClient\\src\\assets\\images\\Refer\\rupee-circle.svg","statementMap":{"0":{"start":{"line":1,"column":0},"end":{"line":1,"column":19}}},"fnMap":{},"branchMap":{},"s":{"0":1},"f":{},"b":{},"_coverageSchema":"1a1c01bbd47fc00a2c39e90264f33305004495a9","hash":"310e33b3589f8890e4a348f927b1e7db9dbbbe94"}
,"C:\\Users\\varunteja_bandaru\\Desktop\\Changes\\farm-roots\\Dev\\Epm.FarmRoots.UI\\Epm.FarmRoots.UI.ReactClient\\src\\assets\\images\\Refer\\share-circle.svg": {"path":"C:\\Users\\varunteja_bandaru\\Desktop\\Changes\\farm-roots\\Dev\\Epm.FarmRoots.UI\\Epm.FarmRoots.UI.ReactClient\\src\\assets\\images\\Refer\\share-circle.svg","statementMap":{"0":{"start":{"line":1,"column":0},"end":{"line":1,"column":19}}},"fnMap":{},"branchMap":{},"s":{"0":1},"f":{},"b":{},"_coverageSchema":"1a1c01bbd47fc00a2c39e90264f33305004495a9","hash":"bdb53a4ab6431ea8769cd88b6ad589b8e5bdd187"}
,"C:\\Users\\varunteja_bandaru\\Desktop\\Changes\\farm-roots\\Dev\\Epm.FarmRoots.UI\\Epm.FarmRoots.UI.ReactClient\\src\\assets\\images\\Refer\\share.svg": {"path":"C:\\Users\\varunteja_bandaru\\Desktop\\Changes\\farm-roots\\Dev\\Epm.FarmRoots.UI\\Epm.FarmRoots.UI.ReactClient\\src\\assets\\images\\Refer\\share.svg","statementMap":{"0":{"start":{"line":1,"column":0},"end":{"line":1,"column":19}}},"fnMap":{},"branchMap":{},"s":{"0":1},"f":{},"b":{},"_coverageSchema":"1a1c01bbd47fc00a2c39e90264f33305004495a9","hash":"6b873e0356bb5b205b23e6508b5ca73d2fe1e7c9"}
,"C:\\Users\\varunteja_bandaru\\Desktop\\Changes\\farm-roots\\Dev\\Epm.FarmRoots.UI\\Epm.FarmRoots.UI.ReactClient\\src\\assets\\images\\Refer\\shopping-bag-circle.svg": {"path":"C:\\Users\\varunteja_bandaru\\Desktop\\Changes\\farm-roots\\Dev\\Epm.FarmRoots.UI\\Epm.FarmRoots.UI.ReactClient\\src\\assets\\images\\Refer\\shopping-bag-circle.svg","statementMap":{"0":{"start":{"line":1,"column":0},"end":{"line":1,"column":19}}},"fnMap":{},"branchMap":{},"s":{"0":1},"f":{},"b":{},"_coverageSchema":"1a1c01bbd47fc00a2c39e90264f33305004495a9","hash":"1e78e23a65e44f7e92a0b5faaebc807656006489"}
,"C:\\Users\\varunteja_bandaru\\Desktop\\Changes\\farm-roots\\Dev\\Epm.FarmRoots.UI\\Epm.FarmRoots.UI.ReactClient\\src\\assets\\images\\Refer\\whatsapp.svg": {"path":"C:\\Users\\varunteja_bandaru\\Desktop\\Changes\\farm-roots\\Dev\\Epm.FarmRoots.UI\\Epm.FarmRoots.UI.ReactClient\\src\\assets\\images\\Refer\\whatsapp.svg","statementMap":{"0":{"start":{"line":1,"column":0},"end":{"line":1,"column":19}}},"fnMap":{},"branchMap":{},"s":{"0":1},"f":{},"b":{},"_coverageSchema":"1a1c01bbd47fc00a2c39e90264f33305004495a9","hash":"2103afdcea329ee89defcc5ff5b3406239ef05bb"}
,"C:\\Users\\varunteja_bandaru\\Desktop\\Changes\\farm-roots\\Dev\\Epm.FarmRoots.UI\\Epm.FarmRoots.UI.ReactClient\\src\\assets\\images\\orders\\empty-bag.avif": {"path":"C:\\Users\\varunteja_bandaru\\Desktop\\Changes\\farm-roots\\Dev\\Epm.FarmRoots.UI\\Epm.FarmRoots.UI.ReactClient\\src\\assets\\images\\orders\\empty-bag.avif","statementMap":{"0":{"start":{"line":1,"column":0},"end":{"line":1,"column":19}}},"fnMap":{},"branchMap":{},"s":{"0":1},"f":{},"b":{},"_coverageSchema":"1a1c01bbd47fc00a2c39e90264f33305004495a9","hash":"540f0feddd1a221589e33730cce811c743e4f641"}
,"C:\\Users\\varunteja_bandaru\\Desktop\\Changes\\farm-roots\\Dev\\Epm.FarmRoots.UI\\Epm.FarmRoots.UI.ReactClient\\src\\components\\pages\\profile\\AddressPage.tsx": {"path":"C:\\Users\\varunteja_bandaru\\Desktop\\Changes\\farm-roots\\Dev\\Epm.FarmRoots.UI\\Epm.FarmRoots.UI.ReactClient\\src\\components\\pages\\profile\\AddressPage.tsx","statementMap":{"0":{"start":{"line":1,"column":0},"end":{"line":1,"column":24}},"1":{"start":{"line":2,"column":2},"end":{"line":6,"column":null}}},"fnMap":{"0":{"name":"AddressPage","decl":{"start":{"line":1,"column":24},"end":{"line":1,"column":35}},"loc":{"start":{"line":1,"column":35},"end":{"line":7,"column":1}}}},"branchMap":{},"s":{"0":1,"1":1},"f":{"0":1},"b":{}}
,"C:\\Users\\varunteja_bandaru\\Desktop\\Changes\\farm-roots\\Dev\\Epm.FarmRoots.UI\\Epm.FarmRoots.UI.ReactClient\\src\\components\\pages\\profile\\FAQPage.tsx": {"path":"C:\\Users\\varunteja_bandaru\\Desktop\\Changes\\farm-roots\\Dev\\Epm.FarmRoots.UI\\Epm.FarmRoots.UI.ReactClient\\src\\components\\pages\\profile\\FAQPage.tsx","statementMap":{"0":{"start":{"line":12,"column":0},"end":{"line":12,"column":24}},"1":{"start":{"line":1,"column":0},"end":{"line":1,"column":33}},"2":{"start":{"line":2,"column":0},"end":{"line":2,"column":54}},"3":{"start":{"line":3,"column":0},"end":{"line":3,"column":38}},"4":{"start":{"line":4,"column":0},"end":{"line":4,"column":44}},"5":{"start":{"line":13,"column":17},"end":{"line":16,"column":6}},"6":{"start":{"line":13,"column":54},"end":{"line":16,"column":4}},"7":{"start":{"line":17,"column":40},"end":{"line":17,"column":69}},"8":{"start":{"line":19,"column":25},"end":{"line":21,"column":3}},"9":{"start":{"line":20,"column":4},"end":{"line":20,"column":51}},"10":{"start":{"line":23,"column":29},"end":{"line":25,"column":3}},"11":{"start":{"line":24,"column":4},"end":{"line":24,"column":58}},"12":{"start":{"line":27,"column":2},"end":{"line":45,"column":4}},"13":{"start":{"line":32,"column":10},"end":{"line":32,"column":null}},"14":{"start":{"line":33,"column":48},"end":{"line":33,"column":70}}},"fnMap":{"0":{"name":"FAQS","decl":{"start":{"line":12,"column":24},"end":{"line":12,"column":28}},"loc":{"start":{"line":12,"column":28},"end":{"line":46,"column":1}}},"1":{"name":"(anonymous_1)","decl":{"start":{"line":13,"column":46},"end":{"line":13,"column":49}},"loc":{"start":{"line":13,"column":54},"end":{"line":16,"column":4}}},"2":{"name":"(anonymous_2)","decl":{"start":{"line":19,"column":25},"end":{"line":19,"column":26}},"loc":{"start":{"line":19,"column":40},"end":{"line":21,"column":3}}},"3":{"name":"(anonymous_3)","decl":{"start":{"line":23,"column":29},"end":{"line":23,"column":32}},"loc":{"start":{"line":23,"column":34},"end":{"line":25,"column":3}}},"4":{"name":"(anonymous_4)","decl":{"start":{"line":31,"column":18},"end":{"line":31,"column":19}},"loc":{"start":{"line":32,"column":10},"end":{"line":32,"column":null}}},"5":{"name":"(anonymous_5)","decl":{"start":{"line":33,"column":42},"end":{"line":33,"column":45}},"loc":{"start":{"line":33,"column":48},"end":{"line":33,"column":70}}}},"branchMap":{"0":{"loc":{"start":{"line":20,"column":19},"end":{"line":20,"column":49}},"type":"cond-expr","locations":[{"start":{"line":20,"column":40},"end":{"line":20,"column":44}},{"start":{"line":20,"column":47},"end":{"line":20,"column":49}}]},"1":{"loc":{"start":{"line":35,"column":67},"end":{"line":35,"column":106}},"type":"cond-expr","locations":[{"start":{"line":35,"column":92},"end":{"line":35,"column":101}},{"start":{"line":35,"column":104},"end":{"line":35,"column":106}}]},"2":{"loc":{"start":{"line":37,"column":13},"end":{"line":37,"column":81}},"type":"binary-expr","locations":[{"start":{"line":37,"column":13},"end":{"line":37,"column":35}},{"start":{"line":37,"column":39},"end":{"line":37,"column":81}}]}},"s":{"0":1,"1":1,"2":1,"3":1,"4":1,"5":22,"6":220,"7":22,"8":22,"9":10,"10":22,"11":1,"12":22,"13":220,"14":10},"f":{"0":22,"1":220,"2":10,"3":1,"4":220,"5":10},"b":{"0":[0,10],"1":[10,210],"2":[220,10]}}
,"C:\\Users\\varunteja_bandaru\\Desktop\\Changes\\farm-roots\\Dev\\Epm.FarmRoots.UI\\Epm.FarmRoots.UI.ReactClient\\src\\components\\pages\\profile\\OrdersPage.tsx": {"path":"C:\\Users\\varunteja_bandaru\\Desktop\\Changes\\farm-roots\\Dev\\Epm.FarmRoots.UI\\Epm.FarmRoots.UI.ReactClient\\src\\components\\pages\\profile\\OrdersPage.tsx","statementMap":{"0":{"start":{"line":2,"column":0},"end":{"line":2,"column":47}},"1":{"start":{"line":3,"column":0},"end":{"line":3,"column":73}},"2":{"start":{"line":4,"column":0},"end":{"line":4,"column":47}},"3":{"start":{"line":6,"column":29},"end":{"line":23,"column":1}},"4":{"start":{"line":7,"column":19},"end":{"line":7,"column":32}},"5":{"start":{"line":9,"column":22},"end":{"line":12,"column":3}},"6":{"start":{"line":10,"column":4},"end":{"line":10,"column":34}},"7":{"start":{"line":11,"column":4},"end":{"line":11,"column":18}},"8":{"start":{"line":14,"column":2},"end":{"line":22,"column":4}},"9":{"start":{"line":25,"column":0},"end":{"line":25,"column":26}}},"fnMap":{"0":{"name":"(anonymous_1)","decl":{"start":{"line":6,"column":29},"end":{"line":6,"column":32}},"loc":{"start":{"line":6,"column":34},"end":{"line":23,"column":1}}},"1":{"name":"(anonymous_2)","decl":{"start":{"line":9,"column":22},"end":{"line":9,"column":25}},"loc":{"start":{"line":9,"column":27},"end":{"line":12,"column":3}}}},"branchMap":{},"s":{"0":1,"1":1,"2":1,"3":1,"4":2,"5":2,"6":1,"7":1,"8":2,"9":1},"f":{"0":2,"1":1},"b":{}}
,"C:\\Users\\varunteja_bandaru\\Desktop\\Changes\\farm-roots\\Dev\\Epm.FarmRoots.UI\\Epm.FarmRoots.UI.ReactClient\\src\\components\\pages\\profile\\ProfileDetails.tsx": {"path":"C:\\Users\\varunteja_bandaru\\Desktop\\Changes\\farm-roots\\Dev\\Epm.FarmRoots.UI\\Epm.FarmRoots.UI.ReactClient\\src\\components\\pages\\profile\\ProfileDetails.tsx","statementMap":{"0":{"start":{"line":12,"column":0},"end":{"line":12,"column":24}},"1":{"start":{"line":1,"column":0},"end":{"line":1,"column":51}},"2":{"start":{"line":2,"column":0},"end":{"line":2,"column":26}},"3":{"start":{"line":3,"column":0},"end":{"line":3,"column":51}},"4":{"start":{"line":13,"column":40},"end":{"line":13,"column":74}},"5":{"start":{"line":14,"column":26},"end":{"line":14,"column":46}},"6":{"start":{"line":15,"column":28},"end":{"line":15,"column":48}},"7":{"start":{"line":16,"column":32},"end":{"line":16,"column":52}},"8":{"start":{"line":17,"column":34},"end":{"line":17,"column":54}},"9":{"start":{"line":18,"column":40},"end":{"line":18,"column":63}},"10":{"start":{"line":20,"column":22},"end":{"line":23,"column":3}},"11":{"start":{"line":21,"column":22},"end":{"line":21,"column":50}},"12":{"start":{"line":22,"column":4},"end":{"line":22,"column":32}},"13":{"start":{"line":25,"column":25},"end":{"line":33,"column":3}},"14":{"start":{"line":26,"column":4},"end":{"line":32,"column":5}},"15":{"start":{"line":27,"column":6},"end":{"line":27,"column":30}},"16":{"start":{"line":28,"column":11},"end":{"line":32,"column":5}},"17":{"start":{"line":29,"column":6},"end":{"line":29,"column":116}},"18":{"start":{"line":31,"column":6},"end":{"line":31,"column":21}},"19":{"start":{"line":36,"column":23},"end":{"line":39,"column":3}},"20":{"start":{"line":37,"column":23},"end":{"line":37,"column":51}},"21":{"start":{"line":38,"column":4},"end":{"line":38,"column":34}},"22":{"start":{"line":42,"column":26},"end":{"line":50,"column":3}},"23":{"start":{"line":43,"column":4},"end":{"line":49,"column":5}},"24":{"start":{"line":44,"column":6},"end":{"line":44,"column":31}},"25":{"start":{"line":45,"column":11},"end":{"line":49,"column":5}},"26":{"start":{"line":46,"column":6},"end":{"line":46,"column":42}},"27":{"start":{"line":48,"column":6},"end":{"line":48,"column":22}},"28":{"start":{"line":52,"column":2},"end":{"line":76,"column":9}},"29":{"start":{"line":53,"column":29},"end":{"line":73,"column":5}},"30":{"start":{"line":54,"column":6},"end":{"line":72,"column":7}},"31":{"start":{"line":55,"column":25},"end":{"line":55,"column":107}},"32":{"start":{"line":56,"column":8},"end":{"line":56,"column":60}},"33":{"start":{"line":57,"column":22},"end":{"line":57,"column":35}},"34":{"start":{"line":59,"column":8},"end":{"line":64,"column":9}},"35":{"start":{"line":60,"column":23},"end":{"line":60,"column":31}},"36":{"start":{"line":61,"column":10},"end":{"line":61,"column":31}},"37":{"start":{"line":62,"column":10},"end":{"line":62,"column":29}},"38":{"start":{"line":63,"column":10},"end":{"line":63,"column":31}},"39":{"start":{"line":66,"column":8},"end":{"line":70,"column":9}},"40":{"start":{"line":67,"column":10},"end":{"line":67,"column":78}},"41":{"start":{"line":69,"column":10},"end":{"line":69,"column":52}},"42":{"start":{"line":71,"column":8},"end":{"line":71,"column":46}},"43":{"start":{"line":75,"column":4},"end":{"line":75,"column":23}},"44":{"start":{"line":78,"column":2},"end":{"line":80,"column":26}},"45":{"start":{"line":79,"column":4},"end":{"line":79,"column":54}},"46":{"start":{"line":82,"column":23},"end":{"line":108,"column":3}},"47":{"start":{"line":83,"column":4},"end":{"line":83,"column":23}},"48":{"start":{"line":84,"column":4},"end":{"line":84,"column":52}},"49":{"start":{"line":84,"column":45},"end":{"line":84,"column":52}},"50":{"start":{"line":87,"column":22},"end":{"line":87,"column":85}},"51":{"start":{"line":88,"column":4},"end":{"line":88,"column":27}},"52":{"start":{"line":88,"column":20},"end":{"line":88,"column":27}},"53":{"start":{"line":90,"column":4},"end":{"line":107,"column":5}},"54":{"start":{"line":91,"column":6},"end":{"line":96,"column":9}},"55":{"start":{"line":98,"column":6},"end":{"line":98,"column":45}},"56":{"start":{"line":100,"column":6},"end":{"line":105,"column":7}},"57":{"start":{"line":101,"column":8},"end":{"line":101,"column":68}},"58":{"start":{"line":102,"column":8},"end":{"line":102,"column":72}},"59":{"start":{"line":104,"column":8},"end":{"line":104,"column":50}},"60":{"start":{"line":106,"column":6},"end":{"line":106,"column":41}},"61":{"start":{"line":110,"column":2},"end":{"line":112,"column":3}},"62":{"start":{"line":111,"column":4},"end":{"line":111,"column":29}},"63":{"start":{"line":114,"column":2},"end":{"line":173,"column":4}},"64":{"start":{"line":124,"column":29},"end":{"line":124,"column":52}},"65":{"start":{"line":140,"column":29},"end":{"line":140,"column":53}}},"fnMap":{"0":{"name":"ProfileDetails","decl":{"start":{"line":12,"column":24},"end":{"line":12,"column":38}},"loc":{"start":{"line":12,"column":38},"end":{"line":174,"column":1}}},"1":{"name":"(anonymous_2)","decl":{"start":{"line":20,"column":22},"end":{"line":20,"column":23}},"loc":{"start":{"line":20,"column":39},"end":{"line":23,"column":3}}},"2":{"name":"(anonymous_3)","decl":{"start":{"line":25,"column":25},"end":{"line":25,"column":28}},"loc":{"start":{"line":25,"column":30},"end":{"line":33,"column":3}}},"3":{"name":"(anonymous_4)","decl":{"start":{"line":36,"column":23},"end":{"line":36,"column":24}},"loc":{"start":{"line":36,"column":41},"end":{"line":39,"column":3}}},"4":{"name":"(anonymous_5)","decl":{"start":{"line":42,"column":26},"end":{"line":42,"column":29}},"loc":{"start":{"line":42,"column":31},"end":{"line":50,"column":3}}},"5":{"name":"(anonymous_6)","decl":{"start":{"line":52,"column":12},"end":{"line":52,"column":15}},"loc":{"start":{"line":52,"column":17},"end":{"line":76,"column":3}}},"6":{"name":"(anonymous_7)","decl":{"start":{"line":53,"column":29},"end":{"line":53,"column":34}},"loc":{"start":{"line":53,"column":40},"end":{"line":73,"column":5}}},"7":{"name":"(anonymous_8)","decl":{"start":{"line":78,"column":12},"end":{"line":78,"column":15}},"loc":{"start":{"line":78,"column":17},"end":{"line":80,"column":3}}},"8":{"name":"(anonymous_9)","decl":{"start":{"line":82,"column":23},"end":{"line":82,"column":28}},"loc":{"start":{"line":82,"column":69},"end":{"line":108,"column":3}}},"9":{"name":"(anonymous_10)","decl":{"start":{"line":124,"column":22},"end":{"line":124,"column":23}},"loc":{"start":{"line":124,"column":29},"end":{"line":124,"column":52}}},"10":{"name":"(anonymous_11)","decl":{"start":{"line":140,"column":22},"end":{"line":140,"column":23}},"loc":{"start":{"line":140,"column":29},"end":{"line":140,"column":53}}}},"branchMap":{"0":{"loc":{"start":{"line":26,"column":4},"end":{"line":32,"column":5}},"type":"if","locations":[{"start":{"line":26,"column":4},"end":{"line":32,"column":5}},{"start":{"line":28,"column":11},"end":{"line":32,"column":5}}]},"1":{"loc":{"start":{"line":28,"column":11},"end":{"line":32,"column":5}},"type":"if","locations":[{"start":{"line":28,"column":11},"end":{"line":32,"column":5}},{"start":{"line":30,"column":11},"end":{"line":32,"column":5}}]},"2":{"loc":{"start":{"line":43,"column":4},"end":{"line":49,"column":5}},"type":"if","locations":[{"start":{"line":43,"column":4},"end":{"line":49,"column":5}},{"start":{"line":45,"column":11},"end":{"line":49,"column":5}}]},"3":{"loc":{"start":{"line":45,"column":11},"end":{"line":49,"column":5}},"type":"if","locations":[{"start":{"line":45,"column":11},"end":{"line":49,"column":5}},{"start":{"line":47,"column":11},"end":{"line":49,"column":5}}]},"4":{"loc":{"start":{"line":59,"column":8},"end":{"line":64,"column":9}},"type":"if","locations":[{"start":{"line":59,"column":8},"end":{"line":64,"column":9}}]},"5":{"loc":{"start":{"line":66,"column":8},"end":{"line":70,"column":9}},"type":"if","locations":[{"start":{"line":66,"column":8},"end":{"line":70,"column":9}},{"start":{"line":68,"column":15},"end":{"line":70,"column":9}}]},"6":{"loc":{"start":{"line":79,"column":19},"end":{"line":79,"column":52}},"type":"binary-expr","locations":[{"start":{"line":79,"column":19},"end":{"line":79,"column":33}},{"start":{"line":79,"column":37},"end":{"line":79,"column":52}}]},"7":{"loc":{"start":{"line":84,"column":4},"end":{"line":84,"column":52}},"type":"if","locations":[{"start":{"line":84,"column":4},"end":{"line":84,"column":52}}]},"8":{"loc":{"start":{"line":84,"column":8},"end":{"line":84,"column":43}},"type":"binary-expr","locations":[{"start":{"line":84,"column":8},"end":{"line":84,"column":15}},{"start":{"line":84,"column":19},"end":{"line":84,"column":27}},{"start":{"line":84,"column":31},"end":{"line":84,"column":43}}]},"9":{"loc":{"start":{"line":88,"column":4},"end":{"line":88,"column":27}},"type":"if","locations":[{"start":{"line":88,"column":4},"end":{"line":88,"column":27}}]},"10":{"loc":{"start":{"line":100,"column":6},"end":{"line":105,"column":7}},"type":"if","locations":[{"start":{"line":100,"column":6},"end":{"line":105,"column":7}},{"start":{"line":103,"column":13},"end":{"line":105,"column":7}}]},"11":{"loc":{"start":{"line":110,"column":2},"end":{"line":112,"column":3}},"type":"if","locations":[{"start":{"line":110,"column":2},"end":{"line":112,"column":3}}]},"12":{"loc":{"start":{"line":130,"column":13},"end":{"line":130,"column":49}},"type":"cond-expr","locations":[{"start":{"line":130,"column":37},"end":{"line":130,"column":39}},{"start":{"line":130,"column":42},"end":{"line":130,"column":49}}]},"13":{"loc":{"start":{"line":164,"column":14},"end":{"line":164,"column":null}},"type":"cond-expr","locations":[{"start":{"line":164,"column":28},"end":{"line":164,"column":42}},{"start":{"line":164,"column":45},"end":{"line":164,"column":null}}]}},"s":{"0":1,"1":1,"2":1,"3":1,"4":32,"5":31,"6":31,"7":31,"8":31,"9":31,"10":31,"11":2,"12":2,"13":31,"14":2,"15":0,"16":2,"17":1,"18":1,"19":31,"20":2,"21":2,"22":31,"23":2,"24":0,"25":2,"26":1,"27":1,"28":31,"29":6,"30":6,"31":6,"32":6,"33":6,"34":6,"35":6,"36":6,"37":6,"38":6,"39":0,"40":0,"41":0,"42":0,"43":6,"44":31,"45":8,"46":31,"47":2,"48":2,"49":0,"50":2,"51":2,"52":0,"53":2,"54":2,"55":1,"56":1,"57":0,"58":0,"59":1,"60":1,"61":31,"62":12,"63":19,"64":4,"65":4},"f":{"0":32,"1":2,"2":2,"3":2,"4":2,"5":6,"6":6,"7":8,"8":2,"9":4,"10":4},"b":{"0":[0,2],"1":[1,1],"2":[0,2],"3":[1,1],"4":[6],"5":[0,0],"6":[8,7],"7":[0],"8":[2,2,2],"9":[0],"10":[0,1],"11":[12],"12":[0,19],"13":[2,17]}}
,"C:\\Users\\varunteja_bandaru\\Desktop\\Changes\\farm-roots\\Dev\\Epm.FarmRoots.UI\\Epm.FarmRoots.UI.ReactClient\\src\\components\\pages\\profile\\Refer.tsx": {"path":"C:\\Users\\varunteja_bandaru\\Desktop\\Changes\\farm-roots\\Dev\\Epm.FarmRoots.UI\\Epm.FarmRoots.UI.ReactClient\\src\\components\\pages\\profile\\Refer.tsx","statementMap":{"0":{"start":{"line":9,"column":0},"end":{"line":9,"column":24}},"1":{"start":{"line":1,"column":0},"end":{"line":1,"column":74}},"2":{"start":{"line":2,"column":0},"end":{"line":2,"column":70}},"3":{"start":{"line":3,"column":0},"end":{"line":3,"column":71}},"4":{"start":{"line":4,"column":0},"end":{"line":4,"column":67}},"5":{"start":{"line":5,"column":0},"end":{"line":5,"column":65}},"6":{"start":{"line":6,"column":0},"end":{"line":6,"column":59}},"7":{"start":{"line":7,"column":0},"end":{"line":7,"column":42}},"8":{"start":{"line":10,"column":23},"end":{"line":10,"column":44}},"9":{"start":{"line":11,"column":23},"end":{"line":11,"column":72}},"10":{"start":{"line":13,"column":27},"end":{"line":25,"column":3}},"11":{"start":{"line":14,"column":4},"end":{"line":24,"column":5}},"12":{"start":{"line":15,"column":6},"end":{"line":21,"column":62}},"13":{"start":{"line":20,"column":18},"end":{"line":20,"column":67}},"14":{"start":{"line":21,"column":24},"end":{"line":21,"column":60}},"15":{"start":{"line":23,"column":6},"end":{"line":23,"column":63}},"16":{"start":{"line":27,"column":2},"end":{"line":82,"column":4}}},"fnMap":{"0":{"name":"Refer","decl":{"start":{"line":9,"column":24},"end":{"line":9,"column":29}},"loc":{"start":{"line":9,"column":29},"end":{"line":83,"column":1}}},"1":{"name":"(anonymous_2)","decl":{"start":{"line":13,"column":27},"end":{"line":13,"column":30}},"loc":{"start":{"line":13,"column":32},"end":{"line":25,"column":3}}},"2":{"name":"(anonymous_3)","decl":{"start":{"line":20,"column":12},"end":{"line":20,"column":15}},"loc":{"start":{"line":20,"column":18},"end":{"line":20,"column":67}}},"3":{"name":"(anonymous_4)","decl":{"start":{"line":21,"column":13},"end":{"line":21,"column":14}},"loc":{"start":{"line":21,"column":24},"end":{"line":21,"column":60}}}},"branchMap":{"0":{"loc":{"start":{"line":14,"column":4},"end":{"line":24,"column":5}},"type":"if","locations":[{"start":{"line":14,"column":4},"end":{"line":24,"column":5}},{"start":{"line":22,"column":11},"end":{"line":24,"column":5}}]}},"s":{"0":1,"1":1,"2":1,"3":1,"4":1,"5":1,"6":1,"7":1,"8":2,"9":2,"10":2,"11":2,"12":1,"13":1,"14":0,"15":1,"16":2},"f":{"0":2,"1":2,"2":1,"3":0},"b":{"0":[1,1]}}
,"C:\\Users\\varunteja_bandaru\\Desktop\\Changes\\farm-roots\\Dev\\Epm.FarmRoots.UI\\Epm.FarmRoots.UI.ReactClient\\src\\components\\pages\\profile\\mockFAQs.tsx": {"path":"C:\\Users\\varunteja_bandaru\\Desktop\\Changes\\farm-roots\\Dev\\Epm.FarmRoots.UI\\Epm.FarmRoots.UI.ReactClient\\src\\components\\pages\\profile\\mockFAQs.tsx","statementMap":{"0":{"start":{"line":1,"column":13},"end":{"line":12,"column":2}}},"fnMap":{},"branchMap":{},"s":{"0":2},"f":{},"b":{}}
}
