TN:
SF:src\assets\images\Refer\referral-hand.svg
FNF:0
FNH:0
DA:1,1
LF:1
LH:1
BRF:0
BRH:0
end_of_record
TN:
SF:src\assets\images\Refer\rupee-circle.svg
FNF:0
FNH:0
DA:1,1
LF:1
LH:1
BRF:0
BRH:0
end_of_record
TN:
SF:src\assets\images\Refer\share-circle.svg
FNF:0
FNH:0
DA:1,1
LF:1
LH:1
BRF:0
BRH:0
end_of_record
TN:
SF:src\assets\images\Refer\share.svg
FNF:0
FNH:0
DA:1,1
LF:1
LH:1
BRF:0
BRH:0
end_of_record
TN:
SF:src\assets\images\Refer\shopping-bag-circle.svg
FNF:0
FNH:0
DA:1,1
LF:1
LH:1
BRF:0
BRH:0
end_of_record
TN:
SF:src\assets\images\Refer\whatsapp.svg
FNF:0
FNH:0
DA:1,1
LF:1
LH:1
BRF:0
BRH:0
end_of_record
TN:
SF:src\assets\images\orders\empty-bag.avif
FNF:0
FNH:0
DA:1,1
LF:1
LH:1
BRF:0
BRH:0
end_of_record
TN:
SF:src\components\pages\profile\AddressPage.tsx
FN:1,AddressPage
FNF:1
FNH:1
FNDA:1,AddressPage
DA:1,1
DA:2,1
LF:2
LH:2
BRF:0
BRH:0
end_of_record
TN:
SF:src\components\pages\profile\FAQPage.tsx
FN:12,FAQS
FN:13,(anonymous_1)
FN:19,(anonymous_2)
FN:23,(anonymous_3)
FN:31,(anonymous_4)
FN:33,(anonymous_5)
FNF:6
FNH:6
FNDA:22,FAQS
FNDA:220,(anonymous_1)
FNDA:10,(anonymous_2)
FNDA:1,(anonymous_3)
FNDA:220,(anonymous_4)
FNDA:10,(anonymous_5)
DA:1,1
DA:2,1
DA:3,1
DA:4,1
DA:12,1
DA:13,220
DA:17,22
DA:19,22
DA:20,10
DA:23,22
DA:24,1
DA:27,22
DA:32,220
DA:33,10
LF:14
LH:14
BRDA:20,0,0,0
BRDA:20,0,1,10
BRDA:35,1,0,10
BRDA:35,1,1,210
BRDA:37,2,0,220
BRDA:37,2,1,10
BRF:6
BRH:5
end_of_record
TN:
SF:src\components\pages\profile\OrdersPage.tsx
FN:6,(anonymous_1)
FN:9,(anonymous_2)
FNF:2
FNH:2
FNDA:2,(anonymous_1)
FNDA:1,(anonymous_2)
DA:2,1
DA:3,1
DA:4,1
DA:6,1
DA:7,2
DA:9,2
DA:10,1
DA:11,1
DA:14,2
DA:25,1
LF:10
LH:10
BRF:0
BRH:0
end_of_record
TN:
SF:src\components\pages\profile\ProfileDetails.tsx
FN:12,ProfileDetails
FN:20,(anonymous_2)
FN:25,(anonymous_3)
FN:36,(anonymous_4)
FN:42,(anonymous_5)
FN:52,(anonymous_6)
FN:53,(anonymous_7)
FN:78,(anonymous_8)
FN:82,(anonymous_9)
FN:124,(anonymous_10)
FN:140,(anonymous_11)
FNF:11
FNH:11
FNDA:32,ProfileDetails
FNDA:2,(anonymous_2)
FNDA:2,(anonymous_3)
FNDA:2,(anonymous_4)
FNDA:2,(anonymous_5)
FNDA:6,(anonymous_6)
FNDA:6,(anonymous_7)
FNDA:8,(anonymous_8)
FNDA:2,(anonymous_9)
FNDA:4,(anonymous_10)
FNDA:4,(anonymous_11)
DA:1,1
DA:2,1
DA:3,1
DA:12,1
DA:13,32
DA:14,31
DA:15,31
DA:16,31
DA:17,31
DA:18,31
DA:20,31
DA:21,2
DA:22,2
DA:25,31
DA:26,2
DA:27,0
DA:28,2
DA:29,1
DA:31,1
DA:36,31
DA:37,2
DA:38,2
DA:42,31
DA:43,2
DA:44,0
DA:45,2
DA:46,1
DA:48,1
DA:52,31
DA:53,6
DA:54,6
DA:55,6
DA:56,6
DA:57,6
DA:59,6
DA:60,6
DA:61,6
DA:62,6
DA:63,6
DA:66,0
DA:67,0
DA:69,0
DA:71,0
DA:75,6
DA:78,31
DA:79,8
DA:82,31
DA:83,2
DA:84,2
DA:87,2
DA:88,2
DA:90,2
DA:91,2
DA:98,1
DA:100,1
DA:101,0
DA:102,0
DA:104,1
DA:106,1
DA:110,31
DA:111,12
DA:114,19
DA:124,4
DA:140,4
LF:64
LH:56
BRDA:26,0,0,0
BRDA:26,0,1,2
BRDA:28,1,0,1
BRDA:28,1,1,1
BRDA:43,2,0,0
BRDA:43,2,1,2
BRDA:45,3,0,1
BRDA:45,3,1,1
BRDA:59,4,0,6
BRDA:66,5,0,0
BRDA:66,5,1,0
BRDA:79,6,0,8
BRDA:79,6,1,7
BRDA:84,7,0,0
BRDA:84,8,0,2
BRDA:84,8,1,2
BRDA:84,8,2,2
BRDA:88,9,0,0
BRDA:100,10,0,0
BRDA:100,10,1,1
BRDA:110,11,0,12
BRDA:130,12,0,0
BRDA:130,12,1,19
BRDA:164,13,0,2
BRDA:164,13,1,17
BRF:25
BRH:17
end_of_record
TN:
SF:src\components\pages\profile\Refer.tsx
FN:9,Refer
FN:13,(anonymous_2)
FN:20,(anonymous_3)
FN:21,(anonymous_4)
FNF:4
FNH:3
FNDA:2,Refer
FNDA:2,(anonymous_2)
FNDA:1,(anonymous_3)
FNDA:0,(anonymous_4)
DA:1,1
DA:2,1
DA:3,1
DA:4,1
DA:5,1
DA:6,1
DA:7,1
DA:9,1
DA:10,2
DA:11,2
DA:13,2
DA:14,2
DA:15,1
DA:20,1
DA:21,0
DA:23,1
DA:27,2
LF:17
LH:16
BRDA:14,0,0,1
BRDA:14,0,1,1
BRF:2
BRH:2
end_of_record
TN:
SF:src\components\pages\profile\mockFAQs.tsx
FNF:0
FNH:0
DA:1,2
LF:1
LH:1
BRF:0
BRH:0
end_of_record
